Using launch settings from C:\Users\Administrator\Desktop\Sistemi-per-menaxhimit-e-kompanive-ndertimore-master\backend\Properties\launchSettings.json...
info: Microsoft.EntityFrameworkCore.Database.Command[20101]
      Executed DbCommand (8ms) [Parameters=[], CommandType='Text', CommandTimeout='30']
      SELECT CASE WHEN COUNT(*) = 0 THEN FALSE ELSE TRUE END
FROM information_schema.tables
WHERE table_type = 'BASE TABLE' AND table_schema = 'construction_db'
info: Microsoft.EntityFrameworkCore.Database.Command[20101]
      Executed DbCommand (4ms) [Parameters=[], CommandType='Text', CommandTimeout='30']
      ALTER DATABASE CHARACTER SET utf8mb4;
info: Microsoft.EntityFrameworkCore.Database.Command[20101]
      Executed DbCommand (37ms) [Parameters=[], CommandType='Text', CommandTimeout='30']
      CREATE TABLE `Clients` (
          `Id` int NOT NULL AUTO_INCREMENT,
          `Emri` varchar(100) CHARACTER SET utf8mb4 NOT NULL,
          `MbiemriKompania` varchar(150) CHARACTER SET utf8mb4 NOT NULL,
          `Email` longtext CHARACTER SET utf8mb4 NOT NULL,
          `Telefoni` longtext CHARACTER SET utf8mb4 NOT NULL,
          `Adresa` longtext CHARACTER SET utf8mb4 NOT NULL,
          `LlojiKlientit` longtext CHARACTER SET utf8mb4 NOT NULL,
          CONSTRAINT `PK_Clients` PRIMARY KEY (`Id`)
      ) CHARACTER SET=utf8mb4;
info: Microsoft.EntityFrameworkCore.Database.Command[20101]
      Executed DbCommand (18ms) [Parameters=[], CommandType='Text', CommandTimeout='30']
      CREATE TABLE `Equipment` (
          `Id` int NOT NULL AUTO_INCREMENT,
          `Emertimi` varchar(150) CHARACTER SET utf8mb4 NOT NULL,
          `Lloji` longtext CHARACTER SET utf8mb4 NOT NULL,
          `Statusi` longtext CHARACTER SET utf8mb4 NOT NULL,
          `KostojaDitore` decimal(65,30) NOT NULL,
          `DataBlerjes` datetime(6) NOT NULL,
          CONSTRAINT `PK_Equipment` PRIMARY KEY (`Id`)
      ) CHARACTER SET=utf8mb4;
info: Microsoft.EntityFrameworkCore.Database.Command[20101]
      Executed DbCommand (18ms) [Parameters=[], CommandType='Text', CommandTimeout='30']
      CREATE TABLE `Roles` (
          `Id` int NOT NULL AUTO_INCREMENT,
          `IsActive` tinyint(1) NOT NULL,
          `IsAdmin` tinyint(1) NOT NULL,
          `Name` varchar(256) CHARACTER SET utf8mb4 NULL,
          `NormalizedName` varchar(256) CHARACTER SET utf8mb4 NULL,
          `ConcurrencyStamp` longtext CHARACTER SET utf8mb4 NULL,
          CONSTRAINT `PK_Roles` PRIMARY KEY (`Id`)
      ) CHARACTER SET=utf8mb4;
info: Microsoft.EntityFrameworkCore.Database.Command[20101]
      Executed DbCommand (18ms) [Parameters=[], CommandType='Text', CommandTimeout='30']
      CREATE TABLE `Suppliers` (
          `Id` int NOT NULL AUTO_INCREMENT,
          `Emertimi` varchar(150) CHARACTER SET utf8mb4 NOT NULL,
          `Kontakti` longtext CHARACTER SET utf8mb4 NOT NULL,
          `Email` longtext CHARACTER SET utf8mb4 NOT NULL,
          `Telefoni` longtext CHARACTER SET utf8mb4 NOT NULL,
          `Adresa` longtext CHARACTER SET utf8mb4 NOT NULL,
          `Specialiteti` longtext CHARACTER SET utf8mb4 NOT NULL,
          CONSTRAINT `PK_Suppliers` PRIMARY KEY (`Id`)
      ) CHARACTER SET=utf8mb4;
info: Microsoft.EntityFrameworkCore.Database.Command[20101]
      Executed DbCommand (17ms) [Parameters=[], CommandType='Text', CommandTimeout='30']
      CREATE TABLE `Users` (
          `Id` int NOT NULL AUTO_INCREMENT,
          `Emri` longtext CHARACTER SET utf8mb4 NOT NULL,
          `Mbiemri` longtext CHARACTER SET utf8mb4 NOT NULL,
          `UserName` varchar(256) CHARACTER SET utf8mb4 NULL,
          `NormalizedUserName` varchar(256) CHARACTER SET utf8mb4 NULL,
          `Email` varchar(256) CHARACTER SET utf8mb4 NULL,
          `NormalizedEmail` varchar(256) CHARACTER SET utf8mb4 NULL,
          `EmailConfirmed` tinyint(1) NOT NULL,
          `PasswordHash` longtext CHARACTER SET utf8mb4 NULL,
          `SecurityStamp` longtext CHARACTER SET utf8mb4 NULL,
          `ConcurrencyStamp` longtext CHARACTER SET utf8mb4 NULL,
          `PhoneNumber` longtext CHARACTER SET utf8mb4 NULL,
          `PhoneNumberConfirmed` tinyint(1) NOT NULL,
          `TwoFactorEnabled` tinyint(1) NOT NULL,
          `LockoutEnd` datetime(6) NULL,
          `LockoutEnabled` tinyint(1) NOT NULL,
          `AccessFailedCount` int NOT NULL,
          CONSTRAINT `PK_Users` PRIMARY KEY (`Id`)
      ) CHARACTER SET=utf8mb4;
info: Microsoft.EntityFrameworkCore.Database.Command[20101]
      Executed DbCommand (17ms) [Parameters=[], CommandType='Text', CommandTimeout='30']
      CREATE TABLE `Workers` (
          `Id` int NOT NULL AUTO_INCREMENT,
          `Emri` varchar(100) CHARACTER SET utf8mb4 NOT NULL,
          `Mbiemri` varchar(100) CHARACTER SET utf8mb4 NOT NULL,
          `Email` longtext CHARACTER SET utf8mb4 NOT NULL,
          `Telefoni` longtext CHARACTER SET utf8mb4 NOT NULL,
          `Profesioni` longtext CHARACTER SET utf8mb4 NOT NULL,
          `PagaDitore` decimal(65,30) NOT NULL,
          `DataPunesimit` datetime(6) NOT NULL,
          `Statusi` longtext CHARACTER SET utf8mb4 NOT NULL,
          CONSTRAINT `PK_Workers` PRIMARY KEY (`Id`)
      ) CHARACTER SET=utf8mb4;
info: Microsoft.EntityFrameworkCore.Database.Command[20101]
      Executed DbCommand (22ms) [Parameters=[], CommandType='Text', CommandTimeout='30']
      CREATE TABLE `Projects` (
          `Id` int NOT NULL AUTO_INCREMENT,
          `Emertimi` varchar(150) CHARACTER SET utf8mb4 NOT NULL,
          `Pershkrimi` longtext CHARACTER SET utf8mb4 NOT NULL,
          `KlientiId` int NOT NULL,
          `Lokacioni` longtext CHARACTER SET utf8mb4 NOT NULL,
          `Buxheti` decimal(65,30) NOT NULL,
          `DataFillimit` datetime(6) NOT NULL,
          `DataPerfundimit` datetime(6) NULL,
          `Statusi` longtext CHARACTER SET utf8mb4 NOT NULL,
          `ProgresiTotal` int NOT NULL,
          CONSTRAINT `PK_Projects` PRIMARY KEY (`Id`),
          CONSTRAINT `FK_Projects_Clients_KlientiId` FOREIGN KEY (`KlientiId`) REFERENCES `Clients` (`Id`) ON DELETE RESTRICT
      ) CHARACTER SET=utf8mb4;
info: Microsoft.EntityFrameworkCore.Database.Command[20101]
      Executed DbCommand (22ms) [Parameters=[], CommandType='Text', CommandTimeout='30']
      CREATE TABLE `RoleClaims` (
          `Id` int NOT NULL AUTO_INCREMENT,
          `RoleId` int NOT NULL,
          `ClaimType` longtext CHARACTER SET utf8mb4 NULL,
          `ClaimValue` longtext CHARACTER SET utf8mb4 NULL,
          CONSTRAINT `PK_RoleClaims` PRIMARY KEY (`Id`),
          CONSTRAINT `FK_RoleClaims_Roles_RoleId` FOREIGN KEY (`RoleId`) REFERENCES `Roles` (`Id`) ON DELETE CASCADE
      ) CHARACTER SET=utf8mb4;
info: Microsoft.EntityFrameworkCore.Database.Command[20101]
      Executed DbCommand (21ms) [Parameters=[], CommandType='Text', CommandTimeout='30']
      CREATE TABLE `Materials` (
          `Id` int NOT NULL AUTO_INCREMENT,
          `Emertimi` varchar(150) CHARACTER SET utf8mb4 NOT NULL,
          `NjesiaMatese` longtext CHARACTER SET utf8mb4 NOT NULL,
          `CmimiNjesi` decimal(65,30) NOT NULL,
          `FurnitoriId` int NOT NULL,
          `SasiaStokut` double NOT NULL,
          `Kategoria` longtext CHARACTER SET utf8mb4 NOT NULL,
          CONSTRAINT `PK_Materials` PRIMARY KEY (`Id`),
          CONSTRAINT `FK_Materials_Suppliers_FurnitoriId` FOREIGN KEY (`FurnitoriId`) REFERENCES `Suppliers` (`Id`) ON DELETE RESTRICT
      ) CHARACTER SET=utf8mb4;
info: Microsoft.EntityFrameworkCore.Database.Command[20101]
      Executed DbCommand (23ms) [Parameters=[], CommandType='Text', CommandTimeout='30']
      CREATE TABLE `RefreshTokens` (
          `Id` int NOT NULL AUTO_INCREMENT,
          `UserId` int NOT NULL,
          `Token` longtext CHARACTER SET utf8mb4 NOT NULL,
          `ExpiryDate` datetime(6) NOT NULL,
          `IsRevoked` tinyint(1) NOT NULL,
          `Created` datetime(6) NOT NULL,
          CONSTRAINT `PK_RefreshTokens` PRIMARY KEY (`Id`),
          CONSTRAINT `FK_RefreshTokens_Users_UserId` FOREIGN KEY (`UserId`) REFERENCES `Users` (`Id`) ON DELETE CASCADE
      ) CHARACTER SET=utf8mb4;
info: Microsoft.EntityFrameworkCore.Database.Command[20101]
      Executed DbCommand (24ms) [Parameters=[], CommandType='Text', CommandTimeout='30']
      CREATE TABLE `UserClaims` (
          `Id` int NOT NULL AUTO_INCREMENT,
          `UserId` int NOT NULL,
          `ClaimType` longtext CHARACTER SET utf8mb4 NULL,
          `ClaimValue` longtext CHARACTER SET utf8mb4 NULL,
          CONSTRAINT `PK_UserClaims` PRIMARY KEY (`Id`),
          CONSTRAINT `FK_UserClaims_Users_UserId` FOREIGN KEY (`UserId`) REFERENCES `Users` (`Id`) ON DELETE CASCADE
      ) CHARACTER SET=utf8mb4;
info: Microsoft.EntityFrameworkCore.Database.Command[20101]
      Executed DbCommand (21ms) [Parameters=[], CommandType='Text', CommandTimeout='30']
      CREATE TABLE `UserLogins` (
          `LoginProvider` varchar(255) CHARACTER SET utf8mb4 NOT NULL,
          `ProviderKey` varchar(255) CHARACTER SET utf8mb4 NOT NULL,
          `ProviderDisplayName` longtext CHARACTER SET utf8mb4 NULL,
          `UserId` int NOT NULL,
          CONSTRAINT `PK_UserLogins` PRIMARY KEY (`LoginProvider`, `ProviderKey`),
          CONSTRAINT `FK_UserLogins_Users_UserId` FOREIGN KEY (`UserId`) REFERENCES `Users` (`Id`) ON DELETE CASCADE
      ) CHARACTER SET=utf8mb4;
info: Microsoft.EntityFrameworkCore.Database.Command[20101]
      Executed DbCommand (24ms) [Parameters=[], CommandType='Text', CommandTimeout='30']
      CREATE TABLE `UserRoles` (
          `UserId` int NOT NULL,
          `RoleId` int NOT NULL,
          CONSTRAINT `PK_UserRoles` PRIMARY KEY (`UserId`, `RoleId`),
          CONSTRAINT `FK_UserRoles_Roles_RoleId` FOREIGN KEY (`RoleId`) REFERENCES `Roles` (`Id`) ON DELETE CASCADE,
          CONSTRAINT `FK_UserRoles_Users_UserId` FOREIGN KEY (`UserId`) REFERENCES `Users` (`Id`) ON DELETE CASCADE
      ) CHARACTER SET=utf8mb4;
info: Microsoft.EntityFrameworkCore.Database.Command[20101]
      Executed DbCommand (17ms) [Parameters=[], CommandType='Text', CommandTimeout='30']
      CREATE TABLE `UserTokens` (
          `UserId` int NOT NULL,
          `LoginProvider` varchar(255) CHARACTER SET utf8mb4 NOT NULL,
          `Name` varchar(255) CHARACTER SET utf8mb4 NOT NULL,
          `Value` longtext CHARACTER SET utf8mb4 NULL,
          CONSTRAINT `PK_UserTokens` PRIMARY KEY (`UserId`, `LoginProvider`, `Name`),
          CONSTRAINT `FK_UserTokens_Users_UserId` FOREIGN KEY (`UserId`) REFERENCES `Users` (`Id`) ON DELETE CASCADE
      ) CHARACTER SET=utf8mb4;
info: Microsoft.EntityFrameworkCore.Database.Command[20101]
      Executed DbCommand (23ms) [Parameters=[], CommandType='Text', CommandTimeout='30']
      CREATE TABLE `Invoices` (
          `Id` int NOT NULL AUTO_INCREMENT,
          `ProjektiId` int NOT NULL,
          `KlientiId` int NOT NULL,
          `Shuma` decimal(65,30) NOT NULL,
          `Pershkrimi` longtext CHARACTER SET utf8mb4 NOT NULL,
          `DataFatures` datetime(6) NOT NULL,
          `DataPageses` datetime(6) NULL,
          `Statusi` longtext CHARACTER SET utf8mb4 NOT NULL,
          CONSTRAINT `PK_Invoices` PRIMARY KEY (`Id`),
          CONSTRAINT `FK_Invoices_Clients_KlientiId` FOREIGN KEY (`KlientiId`) REFERENCES `Clients` (`Id`) ON DELETE RESTRICT,
          CONSTRAINT `FK_Invoices_Projects_ProjektiId` FOREIGN KEY (`ProjektiId`) REFERENCES `Projects` (`Id`) ON DELETE RESTRICT
      ) CHARACTER SET=utf8mb4;
info: Microsoft.EntityFrameworkCore.Database.Command[20101]
      Executed DbCommand (20ms) [Parameters=[], CommandType='Text', CommandTimeout='30']
      CREATE TABLE `ProjectPhases` (
          `Id` int NOT NULL AUTO_INCREMENT,
          `ProjektiId` int NOT NULL,
          `Emertimi` varchar(150) CHARACTER SET utf8mb4 NOT NULL,
          `Pershkrimi` longtext CHARACTER SET utf8mb4 NOT NULL,
          `Rendi` int NOT NULL,
          `DataFillimit` datetime(6) NOT NULL,
          `DataPerfundimit` datetime(6) NOT NULL,
          `Statusi` longtext CHARACTER SET utf8mb4 NOT NULL,
          `PerqindjaKompletimit` int NOT NULL,
          CONSTRAINT `PK_ProjectPhases` PRIMARY KEY (`Id`),
          CONSTRAINT `FK_ProjectPhases_Projects_ProjektiId` FOREIGN KEY (`ProjektiId`) REFERENCES `Projects` (`Id`) ON DELETE CASCADE
      ) CHARACTER SET=utf8mb4;
info: Microsoft.EntityFrameworkCore.Database.Command[20101]
      Executed DbCommand (27ms) [Parameters=[], CommandType='Text', CommandTimeout='30']
      CREATE TABLE `MaterialUsages` (
          `Id` int NOT NULL AUTO_INCREMENT,
          `ProjektiId` int NOT NULL,
          `MaterialiId` int NOT NULL,
          `Sasia` double NOT NULL,
          `DataPerdorimit` datetime(6) NOT NULL,
          `FazaId` int NOT NULL,
          CONSTRAINT `PK_MaterialUsages` PRIMARY KEY (`Id`),
          CONSTRAINT `FK_MaterialUsages_Materials_MaterialiId` FOREIGN KEY (`MaterialiId`) REFERENCES `Materials` (`Id`) ON DELETE RESTRICT,
          CONSTRAINT `FK_MaterialUsages_ProjectPhases_FazaId` FOREIGN KEY (`FazaId`) REFERENCES `ProjectPhases` (`Id`) ON DELETE CASCADE,
          CONSTRAINT `FK_MaterialUsages_Projects_ProjektiId` FOREIGN KEY (`ProjektiId`) REFERENCES `Projects` (`Id`) ON DELETE CASCADE
      ) CHARACTER SET=utf8mb4;
info: Microsoft.EntityFrameworkCore.Database.Command[20101]
      Executed DbCommand (22ms) [Parameters=[], CommandType='Text', CommandTimeout='30']
      CREATE TABLE `Tasks` (
          `Id` int NOT NULL AUTO_INCREMENT,
          `FazaId` int NOT NULL,
          `Emertimi` varchar(150) CHARACTER SET utf8mb4 NOT NULL,
          `Pershkrimi` longtext CHARACTER SET utf8mb4 NOT NULL,
          `Prioriteti` longtext CHARACTER SET utf8mb4 NOT NULL,
          `DataFillimit` datetime(6) NOT NULL,
          `DataPerfundimit` datetime(6) NOT NULL,
          `Statusi` longtext CHARACTER SET utf8mb4 NOT NULL,
          CONSTRAINT `PK_Tasks` PRIMARY KEY (`Id`),
          CONSTRAINT `FK_Tasks_ProjectPhases_FazaId` FOREIGN KEY (`FazaId`) REFERENCES `ProjectPhases` (`Id`) ON DELETE CASCADE
      ) CHARACTER SET=utf8mb4;
info: Microsoft.EntityFrameworkCore.Database.Command[20101]
      Executed DbCommand (23ms) [Parameters=[], CommandType='Text', CommandTimeout='30']
      CREATE TABLE `TaskAssignments` (
          `Id` int NOT NULL AUTO_INCREMENT,
          `DetyraId` int NOT NULL,
          `PunetoriId` int NOT NULL,
          `DataCaktimit` datetime(6) NOT NULL,
          `OretPunuara` double NOT NULL,
          CONSTRAINT `PK_TaskAssignments` PRIMARY KEY (`Id`),
          CONSTRAINT `FK_TaskAssignments_Tasks_DetyraId` FOREIGN KEY (`DetyraId`) REFERENCES `Tasks` (`Id`) ON DELETE CASCADE,
          CONSTRAINT `FK_TaskAssignments_Workers_PunetoriId` FOREIGN KEY (`PunetoriId`) REFERENCES `Workers` (`Id`) ON DELETE CASCADE
      ) CHARACTER SET=utf8mb4;
info: Microsoft.EntityFrameworkCore.Database.Command[20101]
      Executed DbCommand (30ms) [Parameters=[], CommandType='Text', CommandTimeout='30']
      CREATE INDEX `IX_Invoices_KlientiId` ON `Invoices` (`KlientiId`);
info: Microsoft.EntityFrameworkCore.Database.Command[20101]
      Executed DbCommand (25ms) [Parameters=[], CommandType='Text', CommandTimeout='30']
      CREATE INDEX `IX_Invoices_ProjektiId` ON `Invoices` (`ProjektiId`);
info: Microsoft.EntityFrameworkCore.Database.Command[20101]
      Executed DbCommand (27ms) [Parameters=[], CommandType='Text', CommandTimeout='30']
      CREATE INDEX `IX_Materials_FurnitoriId` ON `Materials` (`FurnitoriId`);
info: Microsoft.EntityFrameworkCore.Database.Command[20101]
      Executed DbCommand (27ms) [Parameters=[], CommandType='Text', CommandTimeout='30']
      CREATE INDEX `IX_MaterialUsages_FazaId` ON `MaterialUsages` (`FazaId`);
info: Microsoft.EntityFrameworkCore.Database.Command[20101]
      Executed DbCommand (26ms) [Parameters=[], CommandType='Text', CommandTimeout='30']
      CREATE INDEX `IX_MaterialUsages_MaterialiId` ON `MaterialUsages` (`MaterialiId`);
info: Microsoft.EntityFrameworkCore.Database.Command[20101]
      Executed DbCommand (33ms) [Parameters=[], CommandType='Text', CommandTimeout='30']
      CREATE INDEX `IX_MaterialUsages_ProjektiId` ON `MaterialUsages` (`ProjektiId`);
info: Microsoft.EntityFrameworkCore.Database.Command[20101]
      Executed DbCommand (56ms) [Parameters=[], CommandType='Text', CommandTimeout='30']
      CREATE INDEX `IX_ProjectPhases_ProjektiId` ON `ProjectPhases` (`ProjektiId`);
info: Microsoft.EntityFrameworkCore.Database.Command[20101]
      Executed DbCommand (47ms) [Parameters=[], CommandType='Text', CommandTimeout='30']
      CREATE INDEX `IX_Projects_KlientiId` ON `Projects` (`KlientiId`);
info: Microsoft.EntityFrameworkCore.Database.Command[20101]
      Executed DbCommand (32ms) [Parameters=[], CommandType='Text', CommandTimeout='30']
      CREATE INDEX `IX_RefreshTokens_UserId` ON `RefreshTokens` (`UserId`);
info: Microsoft.EntityFrameworkCore.Database.Command[20101]
      Executed DbCommand (28ms) [Parameters=[], CommandType='Text', CommandTimeout='30']
      CREATE INDEX `IX_RoleClaims_RoleId` ON `RoleClaims` (`RoleId`);
info: Microsoft.EntityFrameworkCore.Database.Command[20101]
      Executed DbCommand (25ms) [Parameters=[], CommandType='Text', CommandTimeout='30']
      CREATE UNIQUE INDEX `RoleNameIndex` ON `Roles` (`NormalizedName`);
info: Microsoft.EntityFrameworkCore.Database.Command[20101]
      Executed DbCommand (31ms) [Parameters=[], CommandType='Text', CommandTimeout='30']
      CREATE INDEX `IX_TaskAssignments_DetyraId` ON `TaskAssignments` (`DetyraId`);
info: Microsoft.EntityFrameworkCore.Database.Command[20101]
      Executed DbCommand (25ms) [Parameters=[], CommandType='Text', CommandTimeout='30']
      CREATE INDEX `IX_TaskAssignments_PunetoriId` ON `TaskAssignments` (`PunetoriId`);
info: Microsoft.EntityFrameworkCore.Database.Command[20101]
      Executed DbCommand (29ms) [Parameters=[], CommandType='Text', CommandTimeout='30']
      CREATE INDEX `IX_Tasks_FazaId` ON `Tasks` (`FazaId`);
info: Microsoft.EntityFrameworkCore.Database.Command[20101]
      Executed DbCommand (30ms) [Parameters=[], CommandType='Text', CommandTimeout='30']
      CREATE INDEX `IX_UserClaims_UserId` ON `UserClaims` (`UserId`);
info: Microsoft.EntityFrameworkCore.Database.Command[20101]
      Executed DbCommand (27ms) [Parameters=[], CommandType='Text', CommandTimeout='30']
      CREATE INDEX `IX_UserLogins_UserId` ON `UserLogins` (`UserId`);
info: Microsoft.EntityFrameworkCore.Database.Command[20101]
      Executed DbCommand (29ms) [Parameters=[], CommandType='Text', CommandTimeout='30']
      CREATE INDEX `IX_UserRoles_RoleId` ON `UserRoles` (`RoleId`);
info: Microsoft.EntityFrameworkCore.Database.Command[20101]
      Executed DbCommand (64ms) [Parameters=[], CommandType='Text', CommandTimeout='30']
      CREATE INDEX `EmailIndex` ON `Users` (`NormalizedEmail`);
info: Microsoft.EntityFrameworkCore.Database.Command[20101]
      Executed DbCommand (47ms) [Parameters=[], CommandType='Text', CommandTimeout='30']
      CREATE UNIQUE INDEX `UserNameIndex` ON `Users` (`NormalizedUserName`);
info: Microsoft.EntityFrameworkCore.Database.Command[20101]
      Executed DbCommand (36ms) [Parameters=[@__normalizedName_0='?' (Size = 256)], CommandType='Text', CommandTimeout='30']
      SELECT `r`.`Id`, `r`.`ConcurrencyStamp`, `r`.`IsActive`, `r`.`IsAdmin`, `r`.`Name`, `r`.`NormalizedName`
      FROM `Roles` AS `r`
      WHERE `r`.`NormalizedName` = @__normalizedName_0
      LIMIT 1
info: Microsoft.EntityFrameworkCore.Database.Command[20101]
      Executed DbCommand (0ms) [Parameters=[@__normalizedName_0='?' (Size = 256)], CommandType='Text', CommandTimeout='30']
      SELECT `r`.`Id`, `r`.`ConcurrencyStamp`, `r`.`IsActive`, `r`.`IsAdmin`, `r`.`Name`, `r`.`NormalizedName`
      FROM `Roles` AS `r`
      WHERE `r`.`NormalizedName` = @__normalizedName_0
      LIMIT 1
info: Microsoft.EntityFrameworkCore.Database.Command[20101]
      Executed DbCommand (2ms) [Parameters=[@p0='?' (Size = 4000), @p1='?' (DbType = Boolean), @p2='?' (DbType = Boolean), @p3='?' (Size = 256), @p4='?' (Size = 256)], CommandType='Text', CommandTimeout='30']
      INSERT INTO `Roles` (`ConcurrencyStamp`, `IsActive`, `IsAdmin`, `Name`, `NormalizedName`)
      VALUES (@p0, @p1, @p2, @p3, @p4);
      SELECT `Id`
      FROM `Roles`
      WHERE ROW_COUNT() = 1 AND `Id` = LAST_INSERT_ID();
info: Microsoft.EntityFrameworkCore.Database.Command[20101]
      Executed DbCommand (0ms) [Parameters=[@__normalizedName_0='?' (Size = 256)], CommandType='Text', CommandTimeout='30']
      SELECT `r`.`Id`, `r`.`ConcurrencyStamp`, `r`.`IsActive`, `r`.`IsAdmin`, `r`.`Name`, `r`.`NormalizedName`
      FROM `Roles` AS `r`
      WHERE `r`.`NormalizedName` = @__normalizedName_0
      LIMIT 1
info: Microsoft.EntityFrameworkCore.Database.Command[20101]
      Executed DbCommand (0ms) [Parameters=[@__normalizedName_0='?' (Size = 256)], CommandType='Text', CommandTimeout='30']
      SELECT `r`.`Id`, `r`.`ConcurrencyStamp`, `r`.`IsActive`, `r`.`IsAdmin`, `r`.`Name`, `r`.`NormalizedName`
      FROM `Roles` AS `r`
      WHERE `r`.`NormalizedName` = @__normalizedName_0
      LIMIT 1
info: Microsoft.EntityFrameworkCore.Database.Command[20101]
      Executed DbCommand (6ms) [Parameters=[@p0='?' (Size = 4000), @p1='?' (DbType = Boolean), @p2='?' (DbType = Boolean), @p3='?' (Size = 256), @p4='?' (Size = 256)], CommandType='Text', CommandTimeout='30']
      INSERT INTO `Roles` (`ConcurrencyStamp`, `IsActive`, `IsAdmin`, `Name`, `NormalizedName`)
      VALUES (@p0, @p1, @p2, @p3, @p4);
      SELECT `Id`
      FROM `Roles`
      WHERE ROW_COUNT() = 1 AND `Id` = LAST_INSERT_ID();
info: Microsoft.EntityFrameworkCore.Database.Command[20101]
      Executed DbCommand (0ms) [Parameters=[@__normalizedName_0='?' (Size = 256)], CommandType='Text', CommandTimeout='30']
      SELECT `r`.`Id`, `r`.`ConcurrencyStamp`, `r`.`IsActive`, `r`.`IsAdmin`, `r`.`Name`, `r`.`NormalizedName`
      FROM `Roles` AS `r`
      WHERE `r`.`NormalizedName` = @__normalizedName_0
      LIMIT 1
info: Microsoft.EntityFrameworkCore.Database.Command[20101]
      Executed DbCommand (0ms) [Parameters=[@__normalizedName_0='?' (Size = 256)], CommandType='Text', CommandTimeout='30']
      SELECT `r`.`Id`, `r`.`ConcurrencyStamp`, `r`.`IsActive`, `r`.`IsAdmin`, `r`.`Name`, `r`.`NormalizedName`
      FROM `Roles` AS `r`
      WHERE `r`.`NormalizedName` = @__normalizedName_0
      LIMIT 1
info: Microsoft.EntityFrameworkCore.Database.Command[20101]
      Executed DbCommand (0ms) [Parameters=[@p0='?' (Size = 4000), @p1='?' (DbType = Boolean), @p2='?' (DbType = Boolean), @p3='?' (Size = 256), @p4='?' (Size = 256)], CommandType='Text', CommandTimeout='30']
      INSERT INTO `Roles` (`ConcurrencyStamp`, `IsActive`, `IsAdmin`, `Name`, `NormalizedName`)
      VALUES (@p0, @p1, @p2, @p3, @p4);
      SELECT `Id`
      FROM `Roles`
      WHERE ROW_COUNT() = 1 AND `Id` = LAST_INSERT_ID();
info: Microsoft.EntityFrameworkCore.Database.Command[20101]
      Executed DbCommand (1ms) [Parameters=[], CommandType='Text', CommandTimeout='30']
      SELECT EXISTS (
          SELECT 1
          FROM `Users` AS `u`)
info: Microsoft.EntityFrameworkCore.Database.Command[20101]
      Executed DbCommand (1ms) [Parameters=[@__normalizedUserName_0='?' (Size = 256)], CommandType='Text', CommandTimeout='30']
      SELECT `u`.`Id`, `u`.`AccessFailedCount`, `u`.`ConcurrencyStamp`, `u`.`Email`, `u`.`EmailConfirmed`, `u`.`Emri`, `u`.`LockoutEnabled`, `u`.`LockoutEnd`, `u`.`Mbiemri`, `u`.`NormalizedEmail`, `u`.`NormalizedUserName`, `u`.`PasswordHash`, `u`.`PhoneNumber`, `u`.`PhoneNumberConfirmed`, `u`.`SecurityStamp`, `u`.`TwoFactorEnabled`, `u`.`UserName`
      FROM `Users` AS `u`
      WHERE `u`.`NormalizedUserName` = @__normalizedUserName_0
      LIMIT 1
info: Microsoft.EntityFrameworkCore.Database.Command[20101]
      Executed DbCommand (1ms) [Parameters=[@__normalizedEmail_0='?' (Size = 256)], CommandType='Text', CommandTimeout='30']
      SELECT `u`.`Id`, `u`.`AccessFailedCount`, `u`.`ConcurrencyStamp`, `u`.`Email`, `u`.`EmailConfirmed`, `u`.`Emri`, `u`.`LockoutEnabled`, `u`.`LockoutEnd`, `u`.`Mbiemri`, `u`.`NormalizedEmail`, `u`.`NormalizedUserName`, `u`.`PasswordHash`, `u`.`PhoneNumber`, `u`.`PhoneNumberConfirmed`, `u`.`SecurityStamp`, `u`.`TwoFactorEnabled`, `u`.`UserName`
      FROM `Users` AS `u`
      WHERE `u`.`NormalizedEmail` = @__normalizedEmail_0
      LIMIT 2
info: Microsoft.EntityFrameworkCore.Database.Command[20101]
      Executed DbCommand (1ms) [Parameters=[@p0='?' (DbType = Int32), @p1='?' (Size = 4000), @p2='?' (Size = 256), @p3='?' (DbType = Boolean), @p4='?' (Size = 4000), @p5='?' (DbType = Boolean), @p6='?' (DbType = DateTimeOffset), @p7='?' (Size = 4000), @p8='?' (Size = 256), @p9='?' (Size = 256), @p10='?' (Size = 4000), @p11='?' (Size = 4000), @p12='?' (DbType = Boolean), @p13='?' (Size = 4000), @p14='?' (DbType = Boolean), @p15='?' (Size = 256)], CommandType='Text', CommandTimeout='30']
      INSERT INTO `Users` (`AccessFailedCount`, `ConcurrencyStamp`, `Email`, `EmailConfirmed`, `Emri`, `LockoutEnabled`, `LockoutEnd`, `Mbiemri`, `NormalizedEmail`, `NormalizedUserName`, `PasswordHash`, `PhoneNumber`, `PhoneNumberConfirmed`, `SecurityStamp`, `TwoFactorEnabled`, `UserName`)
      VALUES (@p0, @p1, @p2, @p3, @p4, @p5, @p6, @p7, @p8, @p9, @p10, @p11, @p12, @p13, @p14, @p15);
      SELECT `Id`
      FROM `Users`
      WHERE ROW_COUNT() = 1 AND `Id` = LAST_INSERT_ID();
info: Microsoft.EntityFrameworkCore.Database.Command[20101]
      Executed DbCommand (1ms) [Parameters=[@__normalizedRoleName_0='?' (Size = 256)], CommandType='Text', CommandTimeout='30']
      SELECT `r`.`Id`, `r`.`ConcurrencyStamp`, `r`.`IsActive`, `r`.`IsAdmin`, `r`.`Name`, `r`.`NormalizedName`
      FROM `Roles` AS `r`
      WHERE `r`.`NormalizedName` = @__normalizedRoleName_0
      LIMIT 2
info: Microsoft.EntityFrameworkCore.Database.Command[20101]
      Executed DbCommand (0ms) [Parameters=[@__p_0='?' (DbType = Int32), @__p_1='?' (DbType = Int32)], CommandType='Text', CommandTimeout='30']
      SELECT `u`.`UserId`, `u`.`RoleId`
      FROM `UserRoles` AS `u`
      WHERE (`u`.`UserId` = @__p_0) AND (`u`.`RoleId` = @__p_1)
      LIMIT 1
info: Microsoft.EntityFrameworkCore.Database.Command[20101]
      Executed DbCommand (0ms) [Parameters=[@__normalizedRoleName_0='?' (Size = 256)], CommandType='Text', CommandTimeout='30']
      SELECT `r`.`Id`, `r`.`ConcurrencyStamp`, `r`.`IsActive`, `r`.`IsAdmin`, `r`.`Name`, `r`.`NormalizedName`
      FROM `Roles` AS `r`
      WHERE `r`.`NormalizedName` = @__normalizedRoleName_0
      LIMIT 2
info: Microsoft.EntityFrameworkCore.Database.Command[20101]
      Executed DbCommand (1ms) [Parameters=[@__normalizedUserName_0='?' (Size = 256)], CommandType='Text', CommandTimeout='30']
      SELECT `u`.`Id`, `u`.`AccessFailedCount`, `u`.`ConcurrencyStamp`, `u`.`Email`, `u`.`EmailConfirmed`, `u`.`Emri`, `u`.`LockoutEnabled`, `u`.`LockoutEnd`, `u`.`Mbiemri`, `u`.`NormalizedEmail`, `u`.`NormalizedUserName`, `u`.`PasswordHash`, `u`.`PhoneNumber`, `u`.`PhoneNumberConfirmed`, `u`.`SecurityStamp`, `u`.`TwoFactorEnabled`, `u`.`UserName`
      FROM `Users` AS `u`
      WHERE `u`.`NormalizedUserName` = @__normalizedUserName_0
      LIMIT 1
info: Microsoft.EntityFrameworkCore.Database.Command[20101]
      Executed DbCommand (1ms) [Parameters=[@__normalizedEmail_0='?' (Size = 256)], CommandType='Text', CommandTimeout='30']
      SELECT `u`.`Id`, `u`.`AccessFailedCount`, `u`.`ConcurrencyStamp`, `u`.`Email`, `u`.`EmailConfirmed`, `u`.`Emri`, `u`.`LockoutEnabled`, `u`.`LockoutEnd`, `u`.`Mbiemri`, `u`.`NormalizedEmail`, `u`.`NormalizedUserName`, `u`.`PasswordHash`, `u`.`PhoneNumber`, `u`.`PhoneNumberConfirmed`, `u`.`SecurityStamp`, `u`.`TwoFactorEnabled`, `u`.`UserName`
      FROM `Users` AS `u`
      WHERE `u`.`NormalizedEmail` = @__normalizedEmail_0
      LIMIT 2
info: Microsoft.EntityFrameworkCore.Database.Command[20101]
      Executed DbCommand (50ms) [Parameters=[@p0='?' (DbType = Int32), @p1='?' (DbType = Int32), @p18='?' (DbType = Int32), @p2='?' (DbType = Int32), @p3='?' (Size = 4000), @p19='?' (Size = 4000), @p4='?' (Size = 256), @p5='?' (DbType = Boolean), @p6='?' (Size = 4000), @p7='?' (DbType = Boolean), @p8='?' (DbType = DateTimeOffset), @p9='?' (Size = 4000), @p10='?' (Size = 256), @p11='?' (Size = 256), @p12='?' (Size = 4000), @p13='?' (Size = 4000), @p14='?' (DbType = Boolean), @p15='?' (Size = 4000), @p16='?' (DbType = Boolean), @p17='?' (Size = 256)], CommandType='Text', CommandTimeout='30']
      INSERT INTO `UserRoles` (`RoleId`, `UserId`)
      VALUES (@p0, @p1);
      UPDATE `Users` SET `AccessFailedCount` = @p2, `ConcurrencyStamp` = @p3, `Email` = @p4, `EmailConfirmed` = @p5, `Emri` = @p6, `LockoutEnabled` = @p7, `LockoutEnd` = @p8, `Mbiemri` = @p9, `NormalizedEmail` = @p10, `NormalizedUserName` = @p11, `PasswordHash` = @p12, `PhoneNumber` = @p13, `PhoneNumberConfirmed` = @p14, `SecurityStamp` = @p15, `TwoFactorEnabled` = @p16, `UserName` = @p17
      WHERE `Id` = @p18 AND `ConcurrencyStamp` = @p19;
      SELECT ROW_COUNT();
info: Microsoft.EntityFrameworkCore.Database.Command[20101]
      Executed DbCommand (1ms) [Parameters=[@__normalizedUserName_0='?' (Size = 256)], CommandType='Text', CommandTimeout='30']
      SELECT `u`.`Id`, `u`.`AccessFailedCount`, `u`.`ConcurrencyStamp`, `u`.`Email`, `u`.`EmailConfirmed`, `u`.`Emri`, `u`.`LockoutEnabled`, `u`.`LockoutEnd`, `u`.`Mbiemri`, `u`.`NormalizedEmail`, `u`.`NormalizedUserName`, `u`.`PasswordHash`, `u`.`PhoneNumber`, `u`.`PhoneNumberConfirmed`, `u`.`SecurityStamp`, `u`.`TwoFactorEnabled`, `u`.`UserName`
      FROM `Users` AS `u`
      WHERE `u`.`NormalizedUserName` = @__normalizedUserName_0
      LIMIT 1
info: Microsoft.EntityFrameworkCore.Database.Command[20101]
      Executed DbCommand (1ms) [Parameters=[@__normalizedEmail_0='?' (Size = 256)], CommandType='Text', CommandTimeout='30']
      SELECT `u`.`Id`, `u`.`AccessFailedCount`, `u`.`ConcurrencyStamp`, `u`.`Email`, `u`.`EmailConfirmed`, `u`.`Emri`, `u`.`LockoutEnabled`, `u`.`LockoutEnd`, `u`.`Mbiemri`, `u`.`NormalizedEmail`, `u`.`NormalizedUserName`, `u`.`PasswordHash`, `u`.`PhoneNumber`, `u`.`PhoneNumberConfirmed`, `u`.`SecurityStamp`, `u`.`TwoFactorEnabled`, `u`.`UserName`
      FROM `Users` AS `u`
      WHERE `u`.`NormalizedEmail` = @__normalizedEmail_0
      LIMIT 2
info: Microsoft.EntityFrameworkCore.Database.Command[20101]
      Executed DbCommand (9ms) [Parameters=[@p0='?' (DbType = Int32), @p1='?' (Size = 4000), @p2='?' (Size = 256), @p3='?' (DbType = Boolean), @p4='?' (Size = 4000), @p5='?' (DbType = Boolean), @p6='?' (DbType = DateTimeOffset), @p7='?' (Size = 4000), @p8='?' (Size = 256), @p9='?' (Size = 256), @p10='?' (Size = 4000), @p11='?' (Size = 4000), @p12='?' (DbType = Boolean), @p13='?' (Size = 4000), @p14='?' (DbType = Boolean), @p15='?' (Size = 256)], CommandType='Text', CommandTimeout='30']
      INSERT INTO `Users` (`AccessFailedCount`, `ConcurrencyStamp`, `Email`, `EmailConfirmed`, `Emri`, `LockoutEnabled`, `LockoutEnd`, `Mbiemri`, `NormalizedEmail`, `NormalizedUserName`, `PasswordHash`, `PhoneNumber`, `PhoneNumberConfirmed`, `SecurityStamp`, `TwoFactorEnabled`, `UserName`)
      VALUES (@p0, @p1, @p2, @p3, @p4, @p5, @p6, @p7, @p8, @p9, @p10, @p11, @p12, @p13, @p14, @p15);
      SELECT `Id`
      FROM `Users`
      WHERE ROW_COUNT() = 1 AND `Id` = LAST_INSERT_ID();
info: Microsoft.EntityFrameworkCore.Database.Command[20101]
      Executed DbCommand (0ms) [Parameters=[@__normalizedRoleName_0='?' (Size = 256)], CommandType='Text', CommandTimeout='30']
      SELECT `r`.`Id`, `r`.`ConcurrencyStamp`, `r`.`IsActive`, `r`.`IsAdmin`, `r`.`Name`, `r`.`NormalizedName`
      FROM `Roles` AS `r`
      WHERE `r`.`NormalizedName` = @__normalizedRoleName_0
      LIMIT 2
info: Microsoft.EntityFrameworkCore.Database.Command[20101]
      Executed DbCommand (0ms) [Parameters=[@__p_0='?' (DbType = Int32), @__p_1='?' (DbType = Int32)], CommandType='Text', CommandTimeout='30']
      SELECT `u`.`UserId`, `u`.`RoleId`
      FROM `UserRoles` AS `u`
      WHERE (`u`.`UserId` = @__p_0) AND (`u`.`RoleId` = @__p_1)
      LIMIT 1
info: Microsoft.EntityFrameworkCore.Database.Command[20101]
      Executed DbCommand (0ms) [Parameters=[@__normalizedRoleName_0='?' (Size = 256)], CommandType='Text', CommandTimeout='30']
      SELECT `r`.`Id`, `r`.`ConcurrencyStamp`, `r`.`IsActive`, `r`.`IsAdmin`, `r`.`Name`, `r`.`NormalizedName`
      FROM `Roles` AS `r`
      WHERE `r`.`NormalizedName` = @__normalizedRoleName_0
      LIMIT 2
info: Microsoft.EntityFrameworkCore.Database.Command[20101]
      Executed DbCommand (0ms) [Parameters=[@__normalizedUserName_0='?' (Size = 256)], CommandType='Text', CommandTimeout='30']
      SELECT `u`.`Id`, `u`.`AccessFailedCount`, `u`.`ConcurrencyStamp`, `u`.`Email`, `u`.`EmailConfirmed`, `u`.`Emri`, `u`.`LockoutEnabled`, `u`.`LockoutEnd`, `u`.`Mbiemri`, `u`.`NormalizedEmail`, `u`.`NormalizedUserName`, `u`.`PasswordHash`, `u`.`PhoneNumber`, `u`.`PhoneNumberConfirmed`, `u`.`SecurityStamp`, `u`.`TwoFactorEnabled`, `u`.`UserName`
      FROM `Users` AS `u`
      WHERE `u`.`NormalizedUserName` = @__normalizedUserName_0
      LIMIT 1
info: Microsoft.EntityFrameworkCore.Database.Command[20101]
      Executed DbCommand (0ms) [Parameters=[@__normalizedEmail_0='?' (Size = 256)], CommandType='Text', CommandTimeout='30']
      SELECT `u`.`Id`, `u`.`AccessFailedCount`, `u`.`ConcurrencyStamp`, `u`.`Email`, `u`.`EmailConfirmed`, `u`.`Emri`, `u`.`LockoutEnabled`, `u`.`LockoutEnd`, `u`.`Mbiemri`, `u`.`NormalizedEmail`, `u`.`NormalizedUserName`, `u`.`PasswordHash`, `u`.`PhoneNumber`, `u`.`PhoneNumberConfirmed`, `u`.`SecurityStamp`, `u`.`TwoFactorEnabled`, `u`.`UserName`
      FROM `Users` AS `u`
      WHERE `u`.`NormalizedEmail` = @__normalizedEmail_0
      LIMIT 2
info: Microsoft.EntityFrameworkCore.Database.Command[20101]
      Executed DbCommand (6ms) [Parameters=[@p0='?' (DbType = Int32), @p1='?' (DbType = Int32), @p18='?' (DbType = Int32), @p2='?' (DbType = Int32), @p3='?' (Size = 4000), @p19='?' (Size = 4000), @p4='?' (Size = 256), @p5='?' (DbType = Boolean), @p6='?' (Size = 4000), @p7='?' (DbType = Boolean), @p8='?' (DbType = DateTimeOffset), @p9='?' (Size = 4000), @p10='?' (Size = 256), @p11='?' (Size = 256), @p12='?' (Size = 4000), @p13='?' (Size = 4000), @p14='?' (DbType = Boolean), @p15='?' (Size = 4000), @p16='?' (DbType = Boolean), @p17='?' (Size = 256)], CommandType='Text', CommandTimeout='30']
      INSERT INTO `UserRoles` (`RoleId`, `UserId`)
      VALUES (@p0, @p1);
      UPDATE `Users` SET `AccessFailedCount` = @p2, `ConcurrencyStamp` = @p3, `Email` = @p4, `EmailConfirmed` = @p5, `Emri` = @p6, `LockoutEnabled` = @p7, `LockoutEnd` = @p8, `Mbiemri` = @p9, `NormalizedEmail` = @p10, `NormalizedUserName` = @p11, `PasswordHash` = @p12, `PhoneNumber` = @p13, `PhoneNumberConfirmed` = @p14, `SecurityStamp` = @p15, `TwoFactorEnabled` = @p16, `UserName` = @p17
      WHERE `Id` = @p18 AND `ConcurrencyStamp` = @p19;
      SELECT ROW_COUNT();
info: Microsoft.EntityFrameworkCore.Database.Command[20101]
      Executed DbCommand (0ms) [Parameters=[@__normalizedUserName_0='?' (Size = 256)], CommandType='Text', CommandTimeout='30']
      SELECT `u`.`Id`, `u`.`AccessFailedCount`, `u`.`ConcurrencyStamp`, `u`.`Email`, `u`.`EmailConfirmed`, `u`.`Emri`, `u`.`LockoutEnabled`, `u`.`LockoutEnd`, `u`.`Mbiemri`, `u`.`NormalizedEmail`, `u`.`NormalizedUserName`, `u`.`PasswordHash`, `u`.`PhoneNumber`, `u`.`PhoneNumberConfirmed`, `u`.`SecurityStamp`, `u`.`TwoFactorEnabled`, `u`.`UserName`
      FROM `Users` AS `u`
      WHERE `u`.`NormalizedUserName` = @__normalizedUserName_0
      LIMIT 1
info: Microsoft.EntityFrameworkCore.Database.Command[20101]
      Executed DbCommand (0ms) [Parameters=[@__normalizedEmail_0='?' (Size = 256)], CommandType='Text', CommandTimeout='30']
      SELECT `u`.`Id`, `u`.`AccessFailedCount`, `u`.`ConcurrencyStamp`, `u`.`Email`, `u`.`EmailConfirmed`, `u`.`Emri`, `u`.`LockoutEnabled`, `u`.`LockoutEnd`, `u`.`Mbiemri`, `u`.`NormalizedEmail`, `u`.`NormalizedUserName`, `u`.`PasswordHash`, `u`.`PhoneNumber`, `u`.`PhoneNumberConfirmed`, `u`.`SecurityStamp`, `u`.`TwoFactorEnabled`, `u`.`UserName`
      FROM `Users` AS `u`
      WHERE `u`.`NormalizedEmail` = @__normalizedEmail_0
      LIMIT 2
info: Microsoft.EntityFrameworkCore.Database.Command[20101]
      Executed DbCommand (0ms) [Parameters=[@p0='?' (DbType = Int32), @p1='?' (Size = 4000), @p2='?' (Size = 256), @p3='?' (DbType = Boolean), @p4='?' (Size = 4000), @p5='?' (DbType = Boolean), @p6='?' (DbType = DateTimeOffset), @p7='?' (Size = 4000), @p8='?' (Size = 256), @p9='?' (Size = 256), @p10='?' (Size = 4000), @p11='?' (Size = 4000), @p12='?' (DbType = Boolean), @p13='?' (Size = 4000), @p14='?' (DbType = Boolean), @p15='?' (Size = 256)], CommandType='Text', CommandTimeout='30']
      INSERT INTO `Users` (`AccessFailedCount`, `ConcurrencyStamp`, `Email`, `EmailConfirmed`, `Emri`, `LockoutEnabled`, `LockoutEnd`, `Mbiemri`, `NormalizedEmail`, `NormalizedUserName`, `PasswordHash`, `PhoneNumber`, `PhoneNumberConfirmed`, `SecurityStamp`, `TwoFactorEnabled`, `UserName`)
      VALUES (@p0, @p1, @p2, @p3, @p4, @p5, @p6, @p7, @p8, @p9, @p10, @p11, @p12, @p13, @p14, @p15);
      SELECT `Id`
      FROM `Users`
      WHERE ROW_COUNT() = 1 AND `Id` = LAST_INSERT_ID();
info: Microsoft.EntityFrameworkCore.Database.Command[20101]
      Executed DbCommand (0ms) [Parameters=[@__normalizedRoleName_0='?' (Size = 256)], CommandType='Text', CommandTimeout='30']
      SELECT `r`.`Id`, `r`.`ConcurrencyStamp`, `r`.`IsActive`, `r`.`IsAdmin`, `r`.`Name`, `r`.`NormalizedName`
      FROM `Roles` AS `r`
      WHERE `r`.`NormalizedName` = @__normalizedRoleName_0
      LIMIT 2
info: Microsoft.EntityFrameworkCore.Database.Command[20101]
      Executed DbCommand (0ms) [Parameters=[@__p_0='?' (DbType = Int32), @__p_1='?' (DbType = Int32)], CommandType='Text', CommandTimeout='30']
      SELECT `u`.`UserId`, `u`.`RoleId`
      FROM `UserRoles` AS `u`
      WHERE (`u`.`UserId` = @__p_0) AND (`u`.`RoleId` = @__p_1)
      LIMIT 1
info: Microsoft.EntityFrameworkCore.Database.Command[20101]
      Executed DbCommand (0ms) [Parameters=[@__normalizedRoleName_0='?' (Size = 256)], CommandType='Text', CommandTimeout='30']
      SELECT `r`.`Id`, `r`.`ConcurrencyStamp`, `r`.`IsActive`, `r`.`IsAdmin`, `r`.`Name`, `r`.`NormalizedName`
      FROM `Roles` AS `r`
      WHERE `r`.`NormalizedName` = @__normalizedRoleName_0
      LIMIT 2
info: Microsoft.EntityFrameworkCore.Database.Command[20101]
      Executed DbCommand (0ms) [Parameters=[@__normalizedUserName_0='?' (Size = 256)], CommandType='Text', CommandTimeout='30']
      SELECT `u`.`Id`, `u`.`AccessFailedCount`, `u`.`ConcurrencyStamp`, `u`.`Email`, `u`.`EmailConfirmed`, `u`.`Emri`, `u`.`LockoutEnabled`, `u`.`LockoutEnd`, `u`.`Mbiemri`, `u`.`NormalizedEmail`, `u`.`NormalizedUserName`, `u`.`PasswordHash`, `u`.`PhoneNumber`, `u`.`PhoneNumberConfirmed`, `u`.`SecurityStamp`, `u`.`TwoFactorEnabled`, `u`.`UserName`
      FROM `Users` AS `u`
      WHERE `u`.`NormalizedUserName` = @__normalizedUserName_0
      LIMIT 1
info: Microsoft.EntityFrameworkCore.Database.Command[20101]
      Executed DbCommand (0ms) [Parameters=[@__normalizedEmail_0='?' (Size = 256)], CommandType='Text', CommandTimeout='30']
      SELECT `u`.`Id`, `u`.`AccessFailedCount`, `u`.`ConcurrencyStamp`, `u`.`Email`, `u`.`EmailConfirmed`, `u`.`Emri`, `u`.`LockoutEnabled`, `u`.`LockoutEnd`, `u`.`Mbiemri`, `u`.`NormalizedEmail`, `u`.`NormalizedUserName`, `u`.`PasswordHash`, `u`.`PhoneNumber`, `u`.`PhoneNumberConfirmed`, `u`.`SecurityStamp`, `u`.`TwoFactorEnabled`, `u`.`UserName`
      FROM `Users` AS `u`
      WHERE `u`.`NormalizedEmail` = @__normalizedEmail_0
      LIMIT 2
info: Microsoft.EntityFrameworkCore.Database.Command[20101]
      Executed DbCommand (1ms) [Parameters=[@p0='?' (DbType = Int32), @p1='?' (DbType = Int32), @p18='?' (DbType = Int32), @p2='?' (DbType = Int32), @p3='?' (Size = 4000), @p19='?' (Size = 4000), @p4='?' (Size = 256), @p5='?' (DbType = Boolean), @p6='?' (Size = 4000), @p7='?' (DbType = Boolean), @p8='?' (DbType = DateTimeOffset), @p9='?' (Size = 4000), @p10='?' (Size = 256), @p11='?' (Size = 256), @p12='?' (Size = 4000), @p13='?' (Size = 4000), @p14='?' (DbType = Boolean), @p15='?' (Size = 4000), @p16='?' (DbType = Boolean), @p17='?' (Size = 256)], CommandType='Text', CommandTimeout='30']
      INSERT INTO `UserRoles` (`RoleId`, `UserId`)
      VALUES (@p0, @p1);
      UPDATE `Users` SET `AccessFailedCount` = @p2, `ConcurrencyStamp` = @p3, `Email` = @p4, `EmailConfirmed` = @p5, `Emri` = @p6, `LockoutEnabled` = @p7, `LockoutEnd` = @p8, `Mbiemri` = @p9, `NormalizedEmail` = @p10, `NormalizedUserName` = @p11, `PasswordHash` = @p12, `PhoneNumber` = @p13, `PhoneNumberConfirmed` = @p14, `SecurityStamp` = @p15, `TwoFactorEnabled` = @p16, `UserName` = @p17
      WHERE `Id` = @p18 AND `ConcurrencyStamp` = @p19;
      SELECT ROW_COUNT();
info: Microsoft.EntityFrameworkCore.Database.Command[20101]
      Executed DbCommand (2ms) [Parameters=[], CommandType='Text', CommandTimeout='30']
      SELECT EXISTS (
          SELECT 1
          FROM `Clients` AS `c`)
info: Microsoft.EntityFrameworkCore.Database.Command[20101]
      Executed DbCommand (3ms) [Parameters=[@p0='?' (DbType = Int32), @p1='?' (Size = 4000), @p2='?' (Size = 4000), @p3='?' (Size = 100), @p4='?' (Size = 4000), @p5='?' (Size = 150), @p6='?' (Size = 4000), @p7='?' (DbType = Int32), @p8='?' (Size = 4000), @p9='?' (Size = 4000), @p10='?' (Size = 100), @p11='?' (Size = 4000), @p12='?' (Size = 150), @p13='?' (Size = 4000), @p14='?' (DbType = Int32), @p15='?' (Size = 4000), @p16='?' (Size = 4000), @p17='?' (Size = 100), @p18='?' (Size = 4000), @p19='?' (Size = 150), @p20='?' (Size = 4000), @p21='?' (DbType = Int32), @p22='?' (Size = 4000), @p23='?' (Size = 4000), @p24='?' (Size = 100), @p25='?' (Size = 4000), @p26='?' (Size = 150), @p27='?' (Size = 4000)], CommandType='Text', CommandTimeout='30']
      SET AUTOCOMMIT = 1;
      INSERT INTO `Clients` (`Id`, `Adresa`, `Email`, `Emri`, `LlojiKlientit`, `MbiemriKompania`, `Telefoni`)
      VALUES (@p0, @p1, @p2, @p3, @p4, @p5, @p6),
      (@p7, @p8, @p9, @p10, @p11, @p12, @p13),
      (@p14, @p15, @p16, @p17, @p18, @p19, @p20),
      (@p21, @p22, @p23, @p24, @p25, @p26, @p27);
info: Microsoft.EntityFrameworkCore.Database.Command[20101]
      Executed DbCommand (0ms) [Parameters=[], CommandType='Text', CommandTimeout='30']
      SELECT EXISTS (
          SELECT 1
          FROM `Projects` AS `p`)
info: Microsoft.EntityFrameworkCore.Database.Command[20101]
      Executed DbCommand (9ms) [Parameters=[@p0='?' (DbType = Int32), @p1='?' (DbType = Decimal), @p2='?' (DbType = DateTime), @p3='?' (DbType = DateTime), @p4='?' (Size = 150), @p5='?' (DbType = Int32), @p6='?' (Size = 4000), @p7='?' (Size = 4000), @p8='?' (DbType = Int32), @p9='?' (Size = 4000), @p10='?' (DbType = Int32), @p11='?' (DbType = Decimal), @p12='?' (DbType = DateTime), @p13='?' (DbType = DateTime), @p14='?' (Size = 150), @p15='?' (DbType = Int32), @p16='?' (Size = 4000), @p17='?' (Size = 4000), @p18='?' (DbType = Int32), @p19='?' (Size = 4000), @p20='?' (DbType = Int32), @p21='?' (DbType = Decimal), @p22='?' (DbType = DateTime), @p23='?' (DbType = DateTime), @p24='?' (Size = 150), @p25='?' (DbType = Int32), @p26='?' (Size = 4000), @p27='?' (Size = 4000), @p28='?' (DbType = Int32), @p29='?' (Size = 4000), @p30='?' (DbType = Int32), @p31='?' (DbType = Decimal), @p32='?' (DbType = DateTime), @p33='?' (DbType = DateTime), @p34='?' (Size = 150), @p35='?' (DbType = Int32), @p36='?' (Size = 4000), @p37='?' (Size = 4000), @p38='?' (DbType = Int32), @p39='?' (Size = 4000)], CommandType='Text', CommandTimeout='30']
      SET AUTOCOMMIT = 1;
      INSERT INTO `Projects` (`Id`, `Buxheti`, `DataFillimit`, `DataPerfundimit`, `Emertimi`, `KlientiId`, `Lokacioni`, `Pershkrimi`, `ProgresiTotal`, `Statusi`)
      VALUES (@p0, @p1, @p2, @p3, @p4, @p5, @p6, @p7, @p8, @p9),
      (@p10, @p11, @p12, @p13, @p14, @p15, @p16, @p17, @p18, @p19),
      (@p20, @p21, @p22, @p23, @p24, @p25, @p26, @p27, @p28, @p29),
      (@p30, @p31, @p32, @p33, @p34, @p35, @p36, @p37, @p38, @p39);
info: Microsoft.EntityFrameworkCore.Database.Command[20101]
      Executed DbCommand (2ms) [Parameters=[], CommandType='Text', CommandTimeout='30']
      SELECT EXISTS (
          SELECT 1
          FROM `Workers` AS `w`)
info: Microsoft.EntityFrameworkCore.Database.Command[20101]
      Executed DbCommand (3ms) [Parameters=[@p0='?' (DbType = Int32), @p1='?' (DbType = DateTime), @p2='?' (Size = 4000), @p3='?' (Size = 100), @p4='?' (Size = 100), @p5='?' (DbType = Decimal), @p6='?' (Size = 4000), @p7='?' (Size = 4000), @p8='?' (Size = 4000), @p9='?' (DbType = Int32), @p10='?' (DbType = DateTime), @p11='?' (Size = 4000), @p12='?' (Size = 100), @p13='?' (Size = 100), @p14='?' (DbType = Decimal), @p15='?' (Size = 4000), @p16='?' (Size = 4000), @p17='?' (Size = 4000), @p18='?' (DbType = Int32), @p19='?' (DbType = DateTime), @p20='?' (Size = 4000), @p21='?' (Size = 100), @p22='?' (Size = 100), @p23='?' (DbType = Decimal), @p24='?' (Size = 4000), @p25='?' (Size = 4000), @p26='?' (Size = 4000), @p27='?' (DbType = Int32), @p28='?' (DbType = DateTime), @p29='?' (Size = 4000), @p30='?' (Size = 100), @p31='?' (Size = 100), @p32='?' (DbType = Decimal), @p33='?' (Size = 4000), @p34='?' (Size = 4000), @p35='?' (Size = 4000), @p36='?' (DbType = Int32), @p37='?' (DbType = DateTime), @p38='?' (Size = 4000), @p39='?' (Size = 100), @p40='?' (Size = 100), @p41='?' (DbType = Decimal), @p42='?' (Size = 4000), @p43='?' (Size = 4000), @p44='?' (Size = 4000)], CommandType='Text', CommandTimeout='30']
      SET AUTOCOMMIT = 1;
      INSERT INTO `Workers` (`Id`, `DataPunesimit`, `Email`, `Emri`, `Mbiemri`, `PagaDitore`, `Profesioni`, `Statusi`, `Telefoni`)
      VALUES (@p0, @p1, @p2, @p3, @p4, @p5, @p6, @p7, @p8),
      (@p9, @p10, @p11, @p12, @p13, @p14, @p15, @p16, @p17),
      (@p18, @p19, @p20, @p21, @p22, @p23, @p24, @p25, @p26),
      (@p27, @p28, @p29, @p30, @p31, @p32, @p33, @p34, @p35),
      (@p36, @p37, @p38, @p39, @p40, @p41, @p42, @p43, @p44);
info: Microsoft.EntityFrameworkCore.Database.Command[20101]
      Executed DbCommand (0ms) [Parameters=[], CommandType='Text', CommandTimeout='30']
      SELECT EXISTS (
          SELECT 1
          FROM `ProjectPhases` AS `p`)
info: Microsoft.EntityFrameworkCore.Database.Command[20101]
      Executed DbCommand (4ms) [Parameters=[@p0='?' (DbType = Int32), @p1='?' (DbType = DateTime), @p2='?' (DbType = DateTime), @p3='?' (Size = 150), @p4='?' (DbType = Int32), @p5='?' (Size = 4000), @p6='?' (DbType = Int32), @p7='?' (DbType = Int32), @p8='?' (Size = 4000), @p9='?' (DbType = Int32), @p10='?' (DbType = DateTime), @p11='?' (DbType = DateTime), @p12='?' (Size = 150), @p13='?' (DbType = Int32), @p14='?' (Size = 4000), @p15='?' (DbType = Int32), @p16='?' (DbType = Int32), @p17='?' (Size = 4000), @p18='?' (DbType = Int32), @p19='?' (DbType = DateTime), @p20='?' (DbType = DateTime), @p21='?' (Size = 150), @p22='?' (DbType = Int32), @p23='?' (Size = 4000), @p24='?' (DbType = Int32), @p25='?' (DbType = Int32), @p26='?' (Size = 4000), @p27='?' (DbType = Int32), @p28='?' (DbType = DateTime), @p29='?' (DbType = DateTime), @p30='?' (Size = 150), @p31='?' (DbType = Int32), @p32='?' (Size = 4000), @p33='?' (DbType = Int32), @p34='?' (DbType = Int32), @p35='?' (Size = 4000), @p36='?' (DbType = Int32), @p37='?' (DbType = DateTime), @p38='?' (DbType = DateTime), @p39='?' (Size = 150), @p40='?' (DbType = Int32), @p41='?' (Size = 4000), @p42='?' (DbType = Int32), @p43='?' (DbType = Int32), @p44='?' (Size = 4000)], CommandType='Text', CommandTimeout='30']
      SET AUTOCOMMIT = 1;
      INSERT INTO `ProjectPhases` (`Id`, `DataFillimit`, `DataPerfundimit`, `Emertimi`, `PerqindjaKompletimit`, `Pershkrimi`, `ProjektiId`, `Rendi`, `Statusi`)
      VALUES (@p0, @p1, @p2, @p3, @p4, @p5, @p6, @p7, @p8),
      (@p9, @p10, @p11, @p12, @p13, @p14, @p15, @p16, @p17),
      (@p18, @p19, @p20, @p21, @p22, @p23, @p24, @p25, @p26),
      (@p27, @p28, @p29, @p30, @p31, @p32, @p33, @p34, @p35),
      (@p36, @p37, @p38, @p39, @p40, @p41, @p42, @p43, @p44);
info: Microsoft.EntityFrameworkCore.Database.Command[20101]
      Executed DbCommand (1ms) [Parameters=[], CommandType='Text', CommandTimeout='30']
      SELECT EXISTS (
          SELECT 1
          FROM `Tasks` AS `t`)
info: Microsoft.EntityFrameworkCore.Database.Command[20101]
      Executed DbCommand (3ms) [Parameters=[@p0='?' (DbType = Int32), @p1='?' (DbType = DateTime), @p2='?' (DbType = DateTime), @p3='?' (Size = 150), @p4='?' (DbType = Int32), @p5='?' (Size = 4000), @p6='?' (Size = 4000), @p7='?' (Size = 4000), @p8='?' (DbType = Int32), @p9='?' (DbType = DateTime), @p10='?' (DbType = DateTime), @p11='?' (Size = 150), @p12='?' (DbType = Int32), @p13='?' (Size = 4000), @p14='?' (Size = 4000), @p15='?' (Size = 4000), @p16='?' (DbType = Int32), @p17='?' (DbType = DateTime), @p18='?' (DbType = DateTime), @p19='?' (Size = 150), @p20='?' (DbType = Int32), @p21='?' (Size = 4000), @p22='?' (Size = 4000), @p23='?' (Size = 4000)], CommandType='Text', CommandTimeout='30']
      SET AUTOCOMMIT = 1;
      INSERT INTO `Tasks` (`Id`, `DataFillimit`, `DataPerfundimit`, `Emertimi`, `FazaId`, `Pershkrimi`, `Prioriteti`, `Statusi`)
      VALUES (@p0, @p1, @p2, @p3, @p4, @p5, @p6, @p7),
      (@p8, @p9, @p10, @p11, @p12, @p13, @p14, @p15),
      (@p16, @p17, @p18, @p19, @p20, @p21, @p22, @p23);
info: Microsoft.EntityFrameworkCore.Database.Command[20101]
      Executed DbCommand (2ms) [Parameters=[], CommandType='Text', CommandTimeout='30']
      SELECT EXISTS (
          SELECT 1
          FROM `TaskAssignments` AS `t`)
info: Microsoft.EntityFrameworkCore.Database.Command[20101]
      Executed DbCommand (5ms) [Parameters=[@p0='?' (DbType = Int32), @p1='?' (DbType = DateTime), @p2='?' (DbType = Int32), @p3='?' (DbType = Double), @p4='?' (DbType = Int32), @p5='?' (DbType = Int32), @p6='?' (DbType = DateTime), @p7='?' (DbType = Int32), @p8='?' (DbType = Double), @p9='?' (DbType = Int32)], CommandType='Text', CommandTimeout='30']
      SET AUTOCOMMIT = 1;
      INSERT INTO `TaskAssignments` (`Id`, `DataCaktimit`, `DetyraId`, `OretPunuara`, `PunetoriId`)
      VALUES (@p0, @p1, @p2, @p3, @p4),
      (@p5, @p6, @p7, @p8, @p9);
info: Microsoft.EntityFrameworkCore.Database.Command[20101]
      Executed DbCommand (1ms) [Parameters=[], CommandType='Text', CommandTimeout='30']
      SELECT EXISTS (
          SELECT 1
          FROM `Suppliers` AS `s`)
info: Microsoft.EntityFrameworkCore.Database.Command[20101]
      Executed DbCommand (3ms) [Parameters=[@p0='?' (DbType = Int32), @p1='?' (Size = 4000), @p2='?' (Size = 4000), @p3='?' (Size = 150), @p4='?' (Size = 4000), @p5='?' (Size = 4000), @p6='?' (Size = 4000), @p7='?' (DbType = Int32), @p8='?' (Size = 4000), @p9='?' (Size = 4000), @p10='?' (Size = 150), @p11='?' (Size = 4000), @p12='?' (Size = 4000), @p13='?' (Size = 4000), @p14='?' (DbType = Int32), @p15='?' (Size = 4000), @p16='?' (Size = 4000), @p17='?' (Size = 150), @p18='?' (Size = 4000), @p19='?' (Size = 4000), @p20='?' (Size = 4000)], CommandType='Text', CommandTimeout='30']
      SET AUTOCOMMIT = 1;
      INSERT INTO `Suppliers` (`Id`, `Adresa`, `Email`, `Emertimi`, `Kontakti`, `Specialiteti`, `Telefoni`)
      VALUES (@p0, @p1, @p2, @p3, @p4, @p5, @p6),
      (@p7, @p8, @p9, @p10, @p11, @p12, @p13),
      (@p14, @p15, @p16, @p17, @p18, @p19, @p20);
info: Microsoft.EntityFrameworkCore.Database.Command[20101]
      Executed DbCommand (2ms) [Parameters=[], CommandType='Text', CommandTimeout='30']
      SELECT EXISTS (
          SELECT 1
          FROM `Materials` AS `m`)
info: Microsoft.EntityFrameworkCore.Database.Command[20101]
      Executed DbCommand (3ms) [Parameters=[@p0='?' (DbType = Int32), @p1='?' (DbType = Decimal), @p2='?' (Size = 150), @p3='?' (DbType = Int32), @p4='?' (Size = 4000), @p5='?' (Size = 4000), @p6='?' (DbType = Double), @p7='?' (DbType = Int32), @p8='?' (DbType = Decimal), @p9='?' (Size = 150), @p10='?' (DbType = Int32), @p11='?' (Size = 4000), @p12='?' (Size = 4000), @p13='?' (DbType = Double), @p14='?' (DbType = Int32), @p15='?' (DbType = Decimal), @p16='?' (Size = 150), @p17='?' (DbType = Int32), @p18='?' (Size = 4000), @p19='?' (Size = 4000), @p20='?' (DbType = Double), @p21='?' (DbType = Int32), @p22='?' (DbType = Decimal), @p23='?' (Size = 150), @p24='?' (DbType = Int32), @p25='?' (Size = 4000), @p26='?' (Size = 4000), @p27='?' (DbType = Double)], CommandType='Text', CommandTimeout='30']
      SET AUTOCOMMIT = 1;
      INSERT INTO `Materials` (`Id`, `CmimiNjesi`, `Emertimi`, `FurnitoriId`, `Kategoria`, `NjesiaMatese`, `SasiaStokut`)
      VALUES (@p0, @p1, @p2, @p3, @p4, @p5, @p6),
      (@p7, @p8, @p9, @p10, @p11, @p12, @p13),
      (@p14, @p15, @p16, @p17, @p18, @p19, @p20),
      (@p21, @p22, @p23, @p24, @p25, @p26, @p27);
info: Microsoft.EntityFrameworkCore.Database.Command[20101]
      Executed DbCommand (2ms) [Parameters=[], CommandType='Text', CommandTimeout='30']
      SELECT EXISTS (
          SELECT 1
          FROM `MaterialUsages` AS `m`)
info: Microsoft.EntityFrameworkCore.Database.Command[20101]
      Executed DbCommand (3ms) [Parameters=[@p0='?' (DbType = Int32), @p1='?' (DbType = DateTime), @p2='?' (DbType = Int32), @p3='?' (DbType = Int32), @p4='?' (DbType = Int32), @p5='?' (DbType = Double), @p6='?' (DbType = Int32), @p7='?' (DbType = DateTime), @p8='?' (DbType = Int32), @p9='?' (DbType = Int32), @p10='?' (DbType = Int32), @p11='?' (DbType = Double)], CommandType='Text', CommandTimeout='30']
      SET AUTOCOMMIT = 1;
      INSERT INTO `MaterialUsages` (`Id`, `DataPerdorimit`, `FazaId`, `MaterialiId`, `ProjektiId`, `Sasia`)
      VALUES (@p0, @p1, @p2, @p3, @p4, @p5),
      (@p6, @p7, @p8, @p9, @p10, @p11);
info: Microsoft.EntityFrameworkCore.Database.Command[20101]
      Executed DbCommand (3ms) [Parameters=[], CommandType='Text', CommandTimeout='30']
      SELECT EXISTS (
          SELECT 1
          FROM `Equipment` AS `e`)
info: Microsoft.EntityFrameworkCore.Database.Command[20101]
      Executed DbCommand (3ms) [Parameters=[@p0='?' (DbType = Int32), @p1='?' (DbType = DateTime), @p2='?' (Size = 150), @p3='?' (DbType = Decimal), @p4='?' (Size = 4000), @p5='?' (Size = 4000), @p6='?' (DbType = Int32), @p7='?' (DbType = DateTime), @p8='?' (Size = 150), @p9='?' (DbType = Decimal), @p10='?' (Size = 4000), @p11='?' (Size = 4000), @p12='?' (DbType = Int32), @p13='?' (DbType = DateTime), @p14='?' (Size = 150), @p15='?' (DbType = Decimal), @p16='?' (Size = 4000), @p17='?' (Size = 4000)], CommandType='Text', CommandTimeout='30']
      SET AUTOCOMMIT = 1;
      INSERT INTO `Equipment` (`Id`, `DataBlerjes`, `Emertimi`, `KostojaDitore`, `Lloji`, `Statusi`)
      VALUES (@p0, @p1, @p2, @p3, @p4, @p5),
      (@p6, @p7, @p8, @p9, @p10, @p11),
      (@p12, @p13, @p14, @p15, @p16, @p17);
info: Microsoft.EntityFrameworkCore.Database.Command[20101]
      Executed DbCommand (0ms) [Parameters=[], CommandType='Text', CommandTimeout='30']
      SELECT EXISTS (
          SELECT 1
          FROM `Invoices` AS `i`)
info: Microsoft.EntityFrameworkCore.Database.Command[20101]
      Executed DbCommand (3ms) [Parameters=[@p0='?' (DbType = Int32), @p1='?' (DbType = DateTime), @p2='?' (DbType = DateTime), @p3='?' (DbType = Int32), @p4='?' (Size = 4000), @p5='?' (DbType = Int32), @p6='?' (DbType = Decimal), @p7='?' (Size = 4000), @p8='?' (DbType = Int32), @p9='?' (DbType = DateTime), @p10='?' (DbType = DateTime), @p11='?' (DbType = Int32), @p12='?' (Size = 4000), @p13='?' (DbType = Int32), @p14='?' (DbType = Decimal), @p15='?' (Size = 4000), @p16='?' (DbType = Int32), @p17='?' (DbType = DateTime), @p18='?' (DbType = DateTime), @p19='?' (DbType = Int32), @p20='?' (Size = 4000), @p21='?' (DbType = Int32), @p22='?' (DbType = Decimal), @p23='?' (Size = 4000)], CommandType='Text', CommandTimeout='30']
      SET AUTOCOMMIT = 1;
      INSERT INTO `Invoices` (`Id`, `DataFatures`, `DataPageses`, `KlientiId`, `Pershkrimi`, `ProjektiId`, `Shuma`, `Statusi`)
      VALUES (@p0, @p1, @p2, @p3, @p4, @p5, @p6, @p7),
      (@p8, @p9, @p10, @p11, @p12, @p13, @p14, @p15),
      (@p16, @p17, @p18, @p19, @p20, @p21, @p22, @p23);
info: Microsoft.Hosting.Lifetime[14]
      Now listening on: http://localhost:5205
info: Microsoft.Hosting.Lifetime[0]
      Application started. Press Ctrl+C to shut down.
info: Microsoft.Hosting.Lifetime[0]
      Hosting environment: Development
info: Microsoft.Hosting.Lifetime[0]
      Content root path: C:\Users\Administrator\Desktop\Sistemi-per-menaxhimit-e-kompanive-ndertimore-master\backend
info: Microsoft.EntityFrameworkCore.Database.Command[20101]
      Executed DbCommand (2ms) [Parameters=[@__normalizedEmail_0='?' (Size = 256)], CommandType='Text', CommandTimeout='30']
      SELECT `u`.`Id`, `u`.`AccessFailedCount`, `u`.`ConcurrencyStamp`, `u`.`Email`, `u`.`EmailConfirmed`, `u`.`Emri`, `u`.`LockoutEnabled`, `u`.`LockoutEnd`, `u`.`Mbiemri`, `u`.`NormalizedEmail`, `u`.`NormalizedUserName`, `u`.`PasswordHash`, `u`.`PhoneNumber`, `u`.`PhoneNumberConfirmed`, `u`.`SecurityStamp`, `u`.`TwoFactorEnabled`, `u`.`UserName`
      FROM `Users` AS `u`
      WHERE `u`.`NormalizedEmail` = @__normalizedEmail_0
      LIMIT 2
info: Microsoft.EntityFrameworkCore.Database.Command[20101]
      Executed DbCommand (2ms) [Parameters=[@__userId_0='?' (DbType = Int32)], CommandType='Text', CommandTimeout='30']
      SELECT `r`.`Name`
      FROM `UserRoles` AS `u`
      INNER JOIN `Roles` AS `r` ON `u`.`RoleId` = `r`.`Id`
      WHERE `u`.`UserId` = @__userId_0
info: Microsoft.EntityFrameworkCore.Database.Command[20101]
      Executed DbCommand (2ms) [Parameters=[@p0='?' (DbType = DateTime), @p1='?' (DbType = DateTime), @p2='?' (DbType = Boolean), @p3='?' (Size = 4000), @p4='?' (DbType = Int32)], CommandType='Text', CommandTimeout='30']
      INSERT INTO `RefreshTokens` (`Created`, `ExpiryDate`, `IsRevoked`, `Token`, `UserId`)
      VALUES (@p0, @p1, @p2, @p3, @p4);
      SELECT `Id`
      FROM `RefreshTokens`
      WHERE ROW_COUNT() = 1 AND `Id` = LAST_INSERT_ID();
info: Microsoft.EntityFrameworkCore.Database.Command[20101]
      Executed DbCommand (0ms) [Parameters=[@__normalizedEmail_0='?' (Size = 256)], CommandType='Text', CommandTimeout='30']
      SELECT `u`.`Id`, `u`.`AccessFailedCount`, `u`.`ConcurrencyStamp`, `u`.`Email`, `u`.`EmailConfirmed`, `u`.`Emri`, `u`.`LockoutEnabled`, `u`.`LockoutEnd`, `u`.`Mbiemri`, `u`.`NormalizedEmail`, `u`.`NormalizedUserName`, `u`.`PasswordHash`, `u`.`PhoneNumber`, `u`.`PhoneNumberConfirmed`, `u`.`SecurityStamp`, `u`.`TwoFactorEnabled`, `u`.`UserName`
      FROM `Users` AS `u`
      WHERE `u`.`NormalizedEmail` = @__normalizedEmail_0
      LIMIT 2
info: Microsoft.EntityFrameworkCore.Database.Command[20101]
      Executed DbCommand (0ms) [Parameters=[@__userId_0='?' (DbType = Int32)], CommandType='Text', CommandTimeout='30']
      SELECT `r`.`Name`
      FROM `UserRoles` AS `u`
      INNER JOIN `Roles` AS `r` ON `u`.`RoleId` = `r`.`Id`
      WHERE `u`.`UserId` = @__userId_0
info: Microsoft.EntityFrameworkCore.Database.Command[20101]
      Executed DbCommand (3ms) [Parameters=[@p0='?' (DbType = DateTime), @p1='?' (DbType = DateTime), @p2='?' (DbType = Boolean), @p3='?' (Size = 4000), @p4='?' (DbType = Int32)], CommandType='Text', CommandTimeout='30']
      INSERT INTO `RefreshTokens` (`Created`, `ExpiryDate`, `IsRevoked`, `Token`, `UserId`)
      VALUES (@p0, @p1, @p2, @p3, @p4);
      SELECT `Id`
      FROM `RefreshTokens`
      WHERE ROW_COUNT() = 1 AND `Id` = LAST_INSERT_ID();
warn: LuckyPennySoftware.AutoMapper.License[0]
      You do not have a valid license key for the Lucky Penny software AutoMapper. This is allowed for development and testing scenarios. If you are running in production you are required to have a licensed version. Please visit https://luckypennysoftware.com to obtain a valid license.
info: Microsoft.EntityFrameworkCore.Database.Command[20101]
      Executed DbCommand (1ms) [Parameters=[@p0='?' (Size = 4000), @p1='?' (Size = 4000), @p2='?' (Size = 100), @p3='?' (Size = 4000), @p4='?' (Size = 150), @p5='?' (Size = 4000)], CommandType='Text', CommandTimeout='30']
      INSERT INTO `Clients` (`Adresa`, `Email`, `Emri`, `LlojiKlientit`, `MbiemriKompania`, `Telefoni`)
      VALUES (@p0, @p1, @p2, @p3, @p4, @p5);
      SELECT `Id`
      FROM `Clients`
      WHERE ROW_COUNT() = 1 AND `Id` = LAST_INSERT_ID();
info: Microsoft.EntityFrameworkCore.Database.Command[20101]
      Executed DbCommand (0ms) [Parameters=[@__p_0='?' (DbType = Int32)], CommandType='Text', CommandTimeout='30']
      SELECT `c`.`Id`, `c`.`Adresa`, `c`.`Email`, `c`.`Emri`, `c`.`LlojiKlientit`, `c`.`MbiemriKompania`, `c`.`Telefoni`
      FROM `Clients` AS `c`
      WHERE `c`.`Id` = @__p_0
      LIMIT 1
info: Microsoft.EntityFrameworkCore.Database.Command[20101]
      Executed DbCommand (4ms) [Parameters=[@p0='?' (DbType = Int32)], CommandType='Text', CommandTimeout='30']
      SET AUTOCOMMIT = 1;
      DELETE FROM `Clients`
      WHERE `Id` = @p0;
      SELECT ROW_COUNT();
